<?xml version="1.0" encoding="utf-8" standalone="yes"?>
<Events><Event xmlns='http://schemas.microsoft.com/win/2004/08/events/event'><System><Provider Name='Microsoft-Windows-Kernel-PnP' Guid='{9c205a39-1250-487d-abd7-e831c6290539}'/><EventID>411</EventID><Version>0</Version><Level>2</Level><Task>0</Task><Opcode>0</Opcode><Keywords>0x4000000000000000</Keywords><TimeCreated SystemTime='2026-07-21T02:52:36.9359123Z'/><EventRecordID>3356</EventRecordID><Correlation/><Execution ProcessID='4' ThreadID='45624'/><Channel>Microsoft-Windows-Kernel-PnP/Configuration</Channel><Computer>Jimmys_Child</Computer><Security UserID='S-1-5-18'/></System><EventData><Data Name='DeviceInstanceId'>USB\VID_CAFE&amp;PID_4100\5&amp;24b2294e&amp;0&amp;1</Data><Data Name='DriverName'>oem239.inf</Data><Data Name='ClassGuid'>{88bae032-5a81-49f0-bc3d-a4ff138216d6}</Data><Data Name='ServiceName'>WinUSB</Data><Data Name='LowerFilters'></Data><Data Name='UpperFilters'></Data><Data Name='Problem'>0xa</Data><Data Name='Status'>0xc000000e</Data></EventData></Event><Event xmlns='http://schemas.microsoft.com/win/2004/08/events/event'><System><Provider Name='Microsoft-Windows-Kernel-PnP' Guid='{9c205a39-1250-487d-abd7-e831c6290539}'/><EventID>400</EventID><Version>1</Version><Level>4</Level><Task>0</Task><Opcode>0</Opcode><Keywords>0x4000000000000000</Keywords><TimeCreated SystemTime='2026-07-21T02:52:36.9195334Z'/><EventRecordID>3355</EventRecordID><Correlation/><Execution ProcessID='4' ThreadID='51684'/><Channel>Microsoft-Windows-Kernel-PnP/Configuration</Channel><Computer>Jimmys_Child</Computer><Security UserID='S-1-5-18'/></System><EventData><Data Name='DeviceInstanceId'>USB\VID_CAFE&amp;PID_4100\5&amp;24b2294e&amp;0&amp;1</Data><Data Name='DriverName'>oem239.inf</Data><Data Name='ClassGuid'>{88bae032-5a81-49f0-bc3d-a4ff138216d6}</Data><Data Name='DriverDate'>06/02/2012</Data><Data Name='DriverVersion'>6.1.7600.16385</Data><Data Name='DriverProvider'>libwdi</Data><Data Name='DriverInbox'>false</Data><Data Name='DriverSection'>USB_Install</Data><Data Name='DriverRank'>0xff0001</Data><Data Name='MatchingDeviceId'>USB\VID_CAFE&amp;PID_4100</Data><Data Name='OutrankedDrivers'></Data><Data Name='DeviceUpdated'>false</Data><Data Name='Status'>0x0</Data><Data Name='ParentDeviceInstanceId'>USB\ROOT_HUB30\4&amp;123f7a67&amp;0&amp;0</Data><Data Name='DriverPackageId'>unknown_device_#1.inf_amd64_338eb527bbbfdcb1</Data></EventData></Event><Event xmlns='http://schemas.microsoft.com/win/2004/08/events/event'><System><Provider Name='Microsoft-Windows-Kernel-PnP' Guid='{9c205a39-1250-487d-abd7-e831c6290539}'/><EventID>411</EventID><Version>0</Version><Level>2</Level><Task>0</Task><Opcode>0</Opcode><Keywords>0x4000000000000000</Keywords><TimeCreated SystemTime='2026-07-21T02:48:08.6080423Z'/><EventRecordID>3354</EventRecordID><Correlation/><Execution ProcessID='4' ThreadID='28272'/><Channel>Microsoft-Windows-Kernel-PnP/Configuration</Channel><Computer>Jimmys_Child</Computer><Security UserID='S-1-5-18'/></System><EventData><Data Name='DeviceInstanceId'>USB\VID_CAFE&amp;PID_4100\5&amp;24b2294e&amp;0&amp;1</Data><Data Name='DriverName'>null</Data><Data Name='ClassGuid'>{00000000-0000-0000-0000-000000000000}</Data><Data Name='ServiceName'></Data><Data Name='LowerFilters'></Data><Data Name='UpperFilters'></Data><Data Name='Problem'>0x2b</Data><Data Name='Status'>0x0</Data></EventData></Event><Event xmlns='http://schemas.microsoft.com/win/2004/08/events/event'><System><Provider Name='Microsoft-Windows-Kernel-PnP' Guid='{9c205a39-1250-487d-abd7-e831c6290539}'/><EventID>400</EventID><Version>1</Version><Level>4</Level><Task>0</Task><Opcode>0</Opcode><Keywords>0x4000000000000000</Keywords><TimeCreated SystemTime='2026-07-21T02:48:08.6032814Z'/><EventRecordID>3353</EventRecordID><Correlation/><Execution ProcessID='4' ThreadID='28272'/><Channel>Microsoft-Windows-Kernel-PnP/Configuration</Channel><Computer>Jimmys_Child</Computer><Security UserID='S-1-5-18'/></System><EventData><Data Name='DeviceInstanceId'>USB\VID_CAFE&amp;PID_4100\5&amp;24b2294e&amp;0&amp;1</Data><Data Name='DriverName'>null</Data><Data Name='ClassGuid'>{00000000-0000-0000-0000-000000000000}</Data><Data Name='DriverDate'></Data><Data Name='DriverVersion'></Data><Data Name='DriverProvider'></Data><Data Name='DriverInbox'>false</Data><Data Name='DriverSection'></Data><Data Name='DriverRank'>0x0</Data><Data Name='MatchingDeviceId'></Data><Data Name='OutrankedDrivers'></Data><Data Name='DeviceUpdated'>false</Data><Data Name='Status'>0x0</Data><Data Name='ParentDeviceInstanceId'>USB\ROOT_HUB30\4&amp;123f7a67&amp;0&amp;0</Data><Data Name='DriverPackageId'>null</Data></EventData></Event></Events>